============================= test session starts =============================
platform win32 -- Python 3.12.3, pytest-9.0.3, pluggy-1.6.0 -- C:\Users\choti\AppData\Local\Programs\Python\Python312\python.exe
cachedir: .pytest_cache
rootdir: C:\Boong\PersonalColor\strategy_engine_release
plugins: anyio-4.13.0
collecting ... collected 367 items

tests/test_intj_projector.py::TestIntjMbtiCriteria::test_returns_at_least_three_general_rows PASSED [  0%]
tests/test_intj_projector.py::TestIntjMbtiCriteria::test_general_rows_sorted_by_weight_desc PASSED [  0%]
tests/test_intj_projector.py::TestIntjMbtiCriteria::test_contains_decision_making_preference PASSED [  0%]
tests/test_intj_projector.py::TestIntjMbtiCriteria::test_contains_energy_preference PASSED [  1%]
tests/test_intj_projector.py::TestIntjMbtiCriteria::test_decision_making_weight_gte_energy_weight PASSED [  1%]
tests/test_intj_projector.py::TestIntjMbtiCriteria::test_work_goal_includes_general_and_specific PASSED [  1%]
tests/test_intj_projector.py::TestIntjMbtiCriteria::test_money_goal_includes_money_guidance PASSED [  1%]
tests/test_intj_projector.py::TestIntjMbtiCriteria::test_relationship_goal_includes_relationship_guidance PASSED [  2%]
tests/test_intj_projector.py::TestIntjMbtiCriteria::test_work_goal_excludes_other_goal_rows PASSED [  2%]
tests/test_intj_projector.py::TestIntjMbtiCriteria::test_general_call_excludes_goal_specific_rows PASSED [  2%]
tests/test_intj_projector.py::TestIntjMbtiCriteria::test_ni_mentioned_in_decision_making_text PASSED [  2%]
tests/test_intj_projector.py::TestProjectorHdCriteria::test_returns_at_least_two_general_rows PASSED [  3%]
tests/test_intj_projector.py::TestProjectorHdCriteria::test_general_rows_sorted_by_weight_desc PASSED [  3%]
tests/test_intj_projector.py::TestProjectorHdCriteria::test_contains_wait_for_invitation_preference PASSED [  3%]
tests/test_intj_projector.py::TestProjectorHdCriteria::test_contains_energy_management_preference PASSED [  4%]
tests/test_intj_projector.py::TestProjectorHdCriteria::test_invitation_weight_gte_energy_management_weight PASSED [  4%]
tests/test_intj_projector.py::TestProjectorHdCriteria::test_work_goal_includes_work_guidance PASSED [  4%]
tests/test_intj_projector.py::TestProjectorHdCriteria::test_money_goal_includes_money_guidance PASSED [  4%]
tests/test_intj_projector.py::TestProjectorHdCriteria::test_relationship_goal_includes_relationship_guidance PASSED [  5%]
tests/test_intj_projector.py::TestProjectorHdCriteria::test_none_hd_returns_empty PASSED [  5%]
tests/test_intj_projector.py::TestProjectorHdCriteria::test_invitation_text_mentions_invitation PASSED [  5%]
tests/test_intj_projector.py::TestProjectorHdCriteria::test_energy_management_mentions_hours PASSED [  5%]
tests/test_intj_projector.py::TestIntjProjectorScenario::test_scenario_exists PASSED [  6%]
tests/test_intj_projector.py::TestIntjProjectorScenario::test_scenario_mbti_type PASSED [  6%]
tests/test_intj_projector.py::TestIntjProjectorScenario::test_scenario_hd_type PASSED [  6%]
tests/test_intj_projector.py::TestIntjProjectorScenario::test_blend_summary_is_nonempty PASSED [  7%]
tests/test_intj_projector.py::TestIntjProjectorScenario::test_conflict_situation_mentions_system_or_meeting PASSED [  7%]
tests/test_intj_projector.py::TestIntjProjectorScenario::test_conflict_sentence_is_directive_not_a_question PASSED [  7%]
tests/test_intj_projector.py::TestIntjProjectorScenario::test_recommended_sentence_is_an_invitation PASSED [  7%]
tests/test_intj_projector.py::TestIntjProjectorScenario::test_recommended_sentence_is_softer_than_conflict PASSED [  8%]
tests/test_intj_projector.py::TestIntjProjectorScenario::test_recommended_action_is_actionable PASSED [  8%]
tests/test_intj_projector.py::TestIntjProjectorScenario::test_none_hd_returns_none_scenario PASSED [  8%]
tests/test_intj_projector.py::TestIntjProjectorScenario::test_scenario_all_required_fields_present PASSED [  8%]
tests/test_intj_projector.py::TestIntjProjectorBlended::test_blended_work_has_both_sources PASSED [  9%]
tests/test_intj_projector.py::TestIntjProjectorBlended::test_blended_money_has_both_sources PASSED [  9%]
tests/test_intj_projector.py::TestIntjProjectorBlended::test_blended_relationship_has_both_sources PASSED [  9%]
tests/test_intj_projector.py::TestIntjProjectorBlended::test_blended_sorted_by_weight_desc PASSED [ 10%]
tests/test_intj_projector.py::TestIntjProjectorBlended::test_blended_work_has_at_least_5_rows PASSED [ 10%]
tests/test_intj_projector.py::TestIntjProjectorBlended::test_blended_excludes_wrong_goal_rows PASSED [ 10%]
tests/test_intj_projector.py::TestIntjProjectorBlended::test_blended_work_includes_work_guidance PASSED [ 10%]
tests/test_intj_projector.py::TestIntjProjectorBlended::test_blended_contains_invitation_guidance PASSED [ 11%]
tests/test_intj_projector.py::TestIntjProjectorBlended::test_blended_with_none_hd_returns_only_mbti PASSED [ 11%]
tests/test_intj_projector.py::TestAllMbtiCoverage::test_each_type_has_general_criteria[ENFJ] PASSED [ 11%]
tests/test_intj_projector.py::TestAllMbtiCoverage::test_each_type_has_general_criteria[ENFP] PASSED [ 11%]
tests/test_intj_projector.py::TestAllMbtiCoverage::test_each_type_has_general_criteria[ENTJ] PASSED [ 12%]
tests/test_intj_projector.py::TestAllMbtiCoverage::test_each_type_has_general_criteria[ENTP] PASSED [ 12%]
tests/test_intj_projector.py::TestAllMbtiCoverage::test_each_type_has_general_criteria[ESFJ] PASSED [ 12%]
tests/test_intj_projector.py::TestAllMbtiCoverage::test_each_type_has_general_criteria[ESFP] PASSED [ 13%]
tests/test_intj_projector.py::TestAllMbtiCoverage::test_each_type_has_general_criteria[ESTJ] PASSED [ 13%]
tests/test_intj_projector.py::TestAllMbtiCoverage::test_each_type_has_general_criteria[ESTP] PASSED [ 13%]
tests/test_intj_projector.py::TestAllMbtiCoverage::test_each_type_has_general_criteria[INFJ] PASSED [ 13%]
tests/test_intj_projector.py::TestAllMbtiCoverage::test_each_type_has_general_criteria[INFP] PASSED [ 14%]
tests/test_intj_projector.py::TestAllMbtiCoverage::test_each_type_has_general_criteria[INTJ] PASSED [ 14%]
tests/test_intj_projector.py::TestAllMbtiCoverage::test_each_type_has_general_criteria[INTP] PASSED [ 14%]
tests/test_intj_projector.py::TestAllMbtiCoverage::test_each_type_has_general_criteria[ISFJ] PASSED [ 14%]
tests/test_intj_projector.py::TestAllMbtiCoverage::test_each_type_has_general_criteria[ISFP] PASSED [ 15%]
tests/test_intj_projector.py::TestAllMbtiCoverage::test_each_type_has_general_criteria[ISTJ] PASSED [ 15%]
tests/test_intj_projector.py::TestAllMbtiCoverage::test_each_type_has_general_criteria[ISTP] PASSED [ 15%]
tests/test_intj_projector.py::TestAllMbtiCoverage::test_each_type_has_work_criteria[ENFJ] PASSED [ 16%]
tests/test_intj_projector.py::TestAllMbtiCoverage::test_each_type_has_work_criteria[ENFP] PASSED [ 16%]
tests/test_intj_projector.py::TestAllMbtiCoverage::test_each_type_has_work_criteria[ENTJ] PASSED [ 16%]
tests/test_intj_projector.py::TestAllMbtiCoverage::test_each_type_has_work_criteria[ENTP] PASSED [ 16%]
tests/test_intj_projector.py::TestAllMbtiCoverage::test_each_type_has_work_criteria[ESFJ] PASSED [ 17%]
tests/test_intj_projector.py::TestAllMbtiCoverage::test_each_type_has_work_criteria[ESFP] PASSED [ 17%]
tests/test_intj_projector.py::TestAllMbtiCoverage::test_each_type_has_work_criteria[ESTJ] PASSED [ 17%]
tests/test_intj_projector.py::TestAllMbtiCoverage::test_each_type_has_work_criteria[ESTP] PASSED [ 17%]
tests/test_intj_projector.py::TestAllMbtiCoverage::test_each_type_has_work_criteria[INFJ] PASSED [ 18%]
tests/test_intj_projector.py::TestAllMbtiCoverage::test_each_type_has_work_criteria[INFP] PASSED [ 18%]
tests/test_intj_projector.py::TestAllMbtiCoverage::test_each_type_has_work_criteria[INTJ] PASSED [ 18%]
tests/test_intj_projector.py::TestAllMbtiCoverage::test_each_type_has_work_criteria[INTP] PASSED [ 19%]
tests/test_intj_projector.py::TestAllMbtiCoverage::test_each_type_has_work_criteria[ISFJ] PASSED [ 19%]
tests/test_intj_projector.py::TestAllMbtiCoverage::test_each_type_has_work_criteria[ISFP] PASSED [ 19%]
tests/test_intj_projector.py::TestAllMbtiCoverage::test_each_type_has_work_criteria[ISTJ] PASSED [ 19%]
tests/test_intj_projector.py::TestAllMbtiCoverage::test_each_type_has_work_criteria[ISTP] PASSED [ 20%]
tests/test_intj_projector.py::TestAllMbtiCoverage::test_each_type_has_money_criteria[ENFJ] PASSED [ 20%]
tests/test_intj_projector.py::TestAllMbtiCoverage::test_each_type_has_money_criteria[ENFP] PASSED [ 20%]
tests/test_intj_projector.py::TestAllMbtiCoverage::test_each_type_has_money_criteria[ENTJ] PASSED [ 20%]
tests/test_intj_projector.py::TestAllMbtiCoverage::test_each_type_has_money_criteria[ENTP] PASSED [ 21%]
tests/test_intj_projector.py::TestAllMbtiCoverage::test_each_type_has_money_criteria[ESFJ] PASSED [ 21%]
tests/test_intj_projector.py::TestAllMbtiCoverage::test_each_type_has_money_criteria[ESFP] PASSED [ 21%]
tests/test_intj_projector.py::TestAllMbtiCoverage::test_each_type_has_money_criteria[ESTJ] PASSED [ 22%]
tests/test_intj_projector.py::TestAllMbtiCoverage::test_each_type_has_money_criteria[ESTP] PASSED [ 22%]
tests/test_intj_projector.py::TestAllMbtiCoverage::test_each_type_has_money_criteria[INFJ] PASSED [ 22%]
tests/test_intj_projector.py::TestAllMbtiCoverage::test_each_type_has_money_criteria[INFP] PASSED [ 22%]
tests/test_intj_projector.py::TestAllMbtiCoverage::test_each_type_has_money_criteria[INTJ] PASSED [ 23%]
tests/test_intj_projector.py::TestAllMbtiCoverage::test_each_type_has_money_criteria[INTP] PASSED [ 23%]
tests/test_intj_projector.py::TestAllMbtiCoverage::test_each_type_has_money_criteria[ISFJ] PASSED [ 23%]
tests/test_intj_projector.py::TestAllMbtiCoverage::test_each_type_has_money_criteria[ISFP] PASSED [ 23%]
tests/test_intj_projector.py::TestAllMbtiCoverage::test_each_type_has_money_criteria[ISTJ] PASSED [ 24%]
tests/test_intj_projector.py::TestAllMbtiCoverage::test_each_type_has_money_criteria[ISTP] PASSED [ 24%]
tests/test_intj_projector.py::TestAllMbtiCoverage::test_each_type_has_relationship_criteria[ENFJ] PASSED [ 24%]
tests/test_intj_projector.py::TestAllMbtiCoverage::test_each_type_has_relationship_criteria[ENFP] PASSED [ 25%]
tests/test_intj_projector.py::TestAllMbtiCoverage::test_each_type_has_relationship_criteria[ENTJ] PASSED [ 25%]
tests/test_intj_projector.py::TestAllMbtiCoverage::test_each_type_has_relationship_criteria[ENTP] PASSED [ 25%]
tests/test_intj_projector.py::TestAllMbtiCoverage::test_each_type_has_relationship_criteria[ESFJ] PASSED [ 25%]
tests/test_intj_projector.py::TestAllMbtiCoverage::test_each_type_has_relationship_criteria[ESFP] PASSED [ 26%]
tests/test_intj_projector.py::TestAllMbtiCoverage::test_each_type_has_relationship_criteria[ESTJ] PASSED [ 26%]
tests/test_intj_projector.py::TestAllMbtiCoverage::test_each_type_has_relationship_criteria[ESTP] PASSED [ 26%]
tests/test_intj_projector.py::TestAllMbtiCoverage::test_each_type_has_relationship_criteria[INFJ] PASSED [ 26%]
tests/test_intj_projector.py::TestAllMbtiCoverage::test_each_type_has_relationship_criteria[INFP] PASSED [ 27%]
tests/test_intj_projector.py::TestAllMbtiCoverage::test_each_type_has_relationship_criteria[INTJ] PASSED [ 27%]
tests/test_intj_projector.py::TestAllMbtiCoverage::test_each_type_has_relationship_criteria[INTP] PASSED [ 27%]
tests/test_intj_projector.py::TestAllMbtiCoverage::test_each_type_has_relationship_criteria[ISFJ] PASSED [ 28%]
tests/test_intj_projector.py::TestAllMbtiCoverage::test_each_type_has_relationship_criteria[ISFP] PASSED [ 28%]
tests/test_intj_projector.py::TestAllMbtiCoverage::test_each_type_has_relationship_criteria[ISTJ] PASSED [ 28%]
tests/test_intj_projector.py::TestAllMbtiCoverage::test_each_type_has_relationship_criteria[ISTP] PASSED [ 28%]
tests/test_intj_projector.py::TestAllHdCoverage::test_each_type_has_general_criteria[Generator] PASSED [ 29%]
tests/test_intj_projector.py::TestAllHdCoverage::test_each_type_has_general_criteria[Manifesting Generator] PASSED [ 29%]
tests/test_intj_projector.py::TestAllHdCoverage::test_each_type_has_general_criteria[Manifestor] PASSED [ 29%]
tests/test_intj_projector.py::TestAllHdCoverage::test_each_type_has_general_criteria[Projector] PASSED [ 29%]
tests/test_intj_projector.py::TestAllHdCoverage::test_each_type_has_general_criteria[Reflector] PASSED [ 30%]
tests/test_intj_projector.py::TestAllHdCoverage::test_each_type_has_work_guidance[Generator] PASSED [ 30%]
tests/test_intj_projector.py::TestAllHdCoverage::test_each_type_has_work_guidance[Manifesting Generator] PASSED [ 30%]
tests/test_intj_projector.py::TestAllHdCoverage::test_each_type_has_work_guidance[Manifestor] PASSED [ 31%]
tests/test_intj_projector.py::TestAllHdCoverage::test_each_type_has_work_guidance[Projector] PASSED [ 31%]
tests/test_intj_projector.py::TestAllHdCoverage::test_each_type_has_work_guidance[Reflector] PASSED [ 31%]
tests/test_intj_projector.py::TestAllHdCoverage::test_each_type_has_money_guidance[Generator] PASSED [ 31%]
tests/test_intj_projector.py::TestAllHdCoverage::test_each_type_has_money_guidance[Manifesting Generator] PASSED [ 32%]
tests/test_intj_projector.py::TestAllHdCoverage::test_each_type_has_money_guidance[Manifestor] PASSED [ 32%]
tests/test_intj_projector.py::TestAllHdCoverage::test_each_type_has_money_guidance[Projector] PASSED [ 32%]
tests/test_intj_projector.py::TestAllHdCoverage::test_each_type_has_money_guidance[Reflector] PASSED [ 32%]
tests/test_intj_projector.py::TestAllHdCoverage::test_each_type_has_relationship_guidance[Generator] PASSED [ 33%]
tests/test_intj_projector.py::TestAllHdCoverage::test_each_type_has_relationship_guidance[Manifesting Generator] PASSED [ 33%]
tests/test_intj_projector.py::TestAllHdCoverage::test_each_type_has_relationship_guidance[Manifestor] PASSED [ 33%]
tests/test_intj_projector.py::TestAllHdCoverage::test_each_type_has_relationship_guidance[Projector] PASSED [ 34%]
tests/test_intj_projector.py::TestAllHdCoverage::test_each_type_has_relationship_guidance[Reflector] PASSED [ 34%]
tests/test_intj_projector.py::TestAll80Scenarios::test_scenario_exists_for_every_pair[ENFJ-Generator] PASSED [ 34%]
tests/test_intj_projector.py::TestAll80Scenarios::test_scenario_exists_for_every_pair[ENFJ-Manifesting Generator] PASSED [ 34%]
tests/test_intj_projector.py::TestAll80Scenarios::test_scenario_exists_for_every_pair[ENFJ-Manifestor] PASSED [ 35%]
tests/test_intj_projector.py::TestAll80Scenarios::test_scenario_exists_for_every_pair[ENFJ-Projector] PASSED [ 35%]
tests/test_intj_projector.py::TestAll80Scenarios::test_scenario_exists_for_every_pair[ENFJ-Reflector] PASSED [ 35%]
tests/test_intj_projector.py::TestAll80Scenarios::test_scenario_exists_for_every_pair[ENFP-Generator] PASSED [ 35%]
tests/test_intj_projector.py::TestAll80Scenarios::test_scenario_exists_for_every_pair[ENFP-Manifesting Generator] PASSED [ 36%]
tests/test_intj_projector.py::TestAll80Scenarios::test_scenario_exists_for_every_pair[ENFP-Manifestor] PASSED [ 36%]
tests/test_intj_projector.py::TestAll80Scenarios::test_scenario_exists_for_every_pair[ENFP-Projector] PASSED [ 36%]
tests/test_intj_projector.py::TestAll80Scenarios::test_scenario_exists_for_every_pair[ENFP-Reflector] PASSED [ 37%]
tests/test_intj_projector.py::TestAll80Scenarios::test_scenario_exists_for_every_pair[ENTJ-Generator] PASSED [ 37%]
tests/test_intj_projector.py::TestAll80Scenarios::test_scenario_exists_for_every_pair[ENTJ-Manifesting Generator] PASSED [ 37%]
tests/test_intj_projector.py::TestAll80Scenarios::test_scenario_exists_for_every_pair[ENTJ-Manifestor] PASSED [ 37%]
tests/test_intj_projector.py::TestAll80Scenarios::test_scenario_exists_for_every_pair[ENTJ-Projector] PASSED [ 38%]
tests/test_intj_projector.py::TestAll80Scenarios::test_scenario_exists_for_every_pair[ENTJ-Reflector] PASSED [ 38%]
tests/test_intj_projector.py::TestAll80Scenarios::test_scenario_exists_for_every_pair[ENTP-Generator] PASSED [ 38%]
tests/test_intj_projector.py::TestAll80Scenarios::test_scenario_exists_for_every_pair[ENTP-Manifesting Generator] PASSED [ 38%]
tests/test_intj_projector.py::TestAll80Scenarios::test_scenario_exists_for_every_pair[ENTP-Manifestor] PASSED [ 39%]
tests/test_intj_projector.py::TestAll80Scenarios::test_scenario_exists_for_every_pair[ENTP-Projector] PASSED [ 39%]
tests/test_intj_projector.py::TestAll80Scenarios::test_scenario_exists_for_every_pair[ENTP-Reflector] PASSED [ 39%]
tests/test_intj_projector.py::TestAll80Scenarios::test_scenario_exists_for_every_pair[ESFJ-Generator] PASSED [ 40%]
tests/test_intj_projector.py::TestAll80Scenarios::test_scenario_exists_for_every_pair[ESFJ-Manifesting Generator] PASSED [ 40%]
tests/test_intj_projector.py::TestAll80Scenarios::test_scenario_exists_for_every_pair[ESFJ-Manifestor] PASSED [ 40%]
tests/test_intj_projector.py::TestAll80Scenarios::test_scenario_exists_for_every_pair[ESFJ-Projector] PASSED [ 40%]
tests/test_intj_projector.py::TestAll80Scenarios::test_scenario_exists_for_every_pair[ESFJ-Reflector] PASSED [ 41%]
tests/test_intj_projector.py::TestAll80Scenarios::test_scenario_exists_for_every_pair[ESFP-Generator] PASSED [ 41%]
tests/test_intj_projector.py::TestAll80Scenarios::test_scenario_exists_for_every_pair[ESFP-Manifesting Generator] PASSED [ 41%]
tests/test_intj_projector.py::TestAll80Scenarios::test_scenario_exists_for_every_pair[ESFP-Manifestor] PASSED [ 41%]
tests/test_intj_projector.py::TestAll80Scenarios::test_scenario_exists_for_every_pair[ESFP-Projector] PASSED [ 42%]
tests/test_intj_projector.py::TestAll80Scenarios::test_scenario_exists_for_every_pair[ESFP-Reflector] PASSED [ 42%]
tests/test_intj_projector.py::TestAll80Scenarios::test_scenario_exists_for_every_pair[ESTJ-Generator] PASSED [ 42%]
tests/test_intj_projector.py::TestAll80Scenarios::test_scenario_exists_for_every_pair[ESTJ-Manifesting Generator] PASSED [ 43%]
tests/test_intj_projector.py::TestAll80Scenarios::test_scenario_exists_for_every_pair[ESTJ-Manifestor] PASSED [ 43%]
tests/test_intj_projector.py::TestAll80Scenarios::test_scenario_exists_for_every_pair[ESTJ-Projector] PASSED [ 43%]
tests/test_intj_projector.py::TestAll80Scenarios::test_scenario_exists_for_every_pair[ESTJ-Reflector] PASSED [ 43%]
tests/test_intj_projector.py::TestAll80Scenarios::test_scenario_exists_for_every_pair[ESTP-Generator] PASSED [ 44%]
tests/test_intj_projector.py::TestAll80Scenarios::test_scenario_exists_for_every_pair[ESTP-Manifesting Generator] PASSED [ 44%]
tests/test_intj_projector.py::TestAll80Scenarios::test_scenario_exists_for_every_pair[ESTP-Manifestor] PASSED [ 44%]
tests/test_intj_projector.py::TestAll80Scenarios::test_scenario_exists_for_every_pair[ESTP-Projector] PASSED [ 44%]
tests/test_intj_projector.py::TestAll80Scenarios::test_scenario_exists_for_every_pair[ESTP-Reflector] PASSED [ 45%]
tests/test_intj_projector.py::TestAll80Scenarios::test_scenario_exists_for_every_pair[INFJ-Generator] PASSED [ 45%]
tests/test_intj_projector.py::TestAll80Scenarios::test_scenario_exists_for_every_pair[INFJ-Manifesting Generator] PASSED [ 45%]
tests/test_intj_projector.py::TestAll80Scenarios::test_scenario_exists_for_every_pair[INFJ-Manifestor] PASSED [ 46%]
tests/test_intj_projector.py::TestAll80Scenarios::test_scenario_exists_for_every_pair[INFJ-Projector] PASSED [ 46%]
tests/test_intj_projector.py::TestAll80Scenarios::test_scenario_exists_for_every_pair[INFJ-Reflector] PASSED [ 46%]
tests/test_intj_projector.py::TestAll80Scenarios::test_scenario_exists_for_every_pair[INFP-Generator] PASSED [ 46%]
tests/test_intj_projector.py::TestAll80Scenarios::test_scenario_exists_for_every_pair[INFP-Manifesting Generator] PASSED [ 47%]
tests/test_intj_projector.py::TestAll80Scenarios::test_scenario_exists_for_every_pair[INFP-Manifestor] PASSED [ 47%]
tests/test_intj_projector.py::TestAll80Scenarios::test_scenario_exists_for_every_pair[INFP-Projector] PASSED [ 47%]
tests/test_intj_projector.py::TestAll80Scenarios::test_scenario_exists_for_every_pair[INFP-Reflector] PASSED [ 47%]
tests/test_intj_projector.py::TestAll80Scenarios::test_scenario_exists_for_every_pair[INTJ-Generator] PASSED [ 48%]
tests/test_intj_projector.py::TestAll80Scenarios::test_scenario_exists_for_every_pair[INTJ-Manifesting Generator] PASSED [ 48%]
tests/test_intj_projector.py::TestAll80Scenarios::test_scenario_exists_for_every_pair[INTJ-Manifestor] PASSED [ 48%]
tests/test_intj_projector.py::TestAll80Scenarios::test_scenario_exists_for_every_pair[INTJ-Projector] PASSED [ 49%]
tests/test_intj_projector.py::TestAll80Scenarios::test_scenario_exists_for_every_pair[INTJ-Reflector] PASSED [ 49%]
tests/test_intj_projector.py::TestAll80Scenarios::test_scenario_exists_for_every_pair[INTP-Generator] PASSED [ 49%]
tests/test_intj_projector.py::TestAll80Scenarios::test_scenario_exists_for_every_pair[INTP-Manifesting Generator] PASSED [ 49%]
tests/test_intj_projector.py::TestAll80Scenarios::test_scenario_exists_for_every_pair[INTP-Manifestor] PASSED [ 50%]
tests/test_intj_projector.py::TestAll80Scenarios::test_scenario_exists_for_every_pair[INTP-Projector] PASSED [ 50%]
tests/test_intj_projector.py::TestAll80Scenarios::test_scenario_exists_for_every_pair[INTP-Reflector] PASSED [ 50%]
tests/test_intj_projector.py::TestAll80Scenarios::test_scenario_exists_for_every_pair[ISFJ-Generator] PASSED [ 50%]
tests/test_intj_projector.py::TestAll80Scenarios::test_scenario_exists_for_every_pair[ISFJ-Manifesting Generator] PASSED [ 51%]
tests/test_intj_projector.py::TestAll80Scenarios::test_scenario_exists_for_every_pair[ISFJ-Manifestor] PASSED [ 51%]
tests/test_intj_projector.py::TestAll80Scenarios::test_scenario_exists_for_every_pair[ISFJ-Projector] PASSED [ 51%]
tests/test_intj_projector.py::TestAll80Scenarios::test_scenario_exists_for_every_pair[ISFJ-Reflector] PASSED [ 52%]
tests/test_intj_projector.py::TestAll80Scenarios::test_scenario_exists_for_every_pair[ISFP-Generator] PASSED [ 52%]
tests/test_intj_projector.py::TestAll80Scenarios::test_scenario_exists_for_every_pair[ISFP-Manifesting Generator] PASSED [ 52%]
tests/test_intj_projector.py::TestAll80Scenarios::test_scenario_exists_for_every_pair[ISFP-Manifestor] PASSED [ 52%]
tests/test_intj_projector.py::TestAll80Scenarios::test_scenario_exists_for_every_pair[ISFP-Projector] PASSED [ 53%]
tests/test_intj_projector.py::TestAll80Scenarios::test_scenario_exists_for_every_pair[ISFP-Reflector] PASSED [ 53%]
tests/test_intj_projector.py::TestAll80Scenarios::test_scenario_exists_for_every_pair[ISTJ-Generator] PASSED [ 53%]
tests/test_intj_projector.py::TestAll80Scenarios::test_scenario_exists_for_every_pair[ISTJ-Manifesting Generator] PASSED [ 53%]
tests/test_intj_projector.py::TestAll80Scenarios::test_scenario_exists_for_every_pair[ISTJ-Manifestor] PASSED [ 54%]
tests/test_intj_projector.py::TestAll80Scenarios::test_scenario_exists_for_every_pair[ISTJ-Projector] PASSED [ 54%]
tests/test_intj_projector.py::TestAll80Scenarios::test_scenario_exists_for_every_pair[ISTJ-Reflector] PASSED [ 54%]
tests/test_intj_projector.py::TestAll80Scenarios::test_scenario_exists_for_every_pair[ISTP-Generator] PASSED [ 55%]
tests/test_intj_projector.py::TestAll80Scenarios::test_scenario_exists_for_every_pair[ISTP-Manifesting Generator] PASSED [ 55%]
tests/test_intj_projector.py::TestAll80Scenarios::test_scenario_exists_for_every_pair[ISTP-Manifestor] PASSED [ 55%]
tests/test_intj_projector.py::TestAll80Scenarios::test_scenario_exists_for_every_pair[ISTP-Projector] PASSED [ 55%]
tests/test_intj_projector.py::TestAll80Scenarios::test_scenario_exists_for_every_pair[ISTP-Reflector] PASSED [ 56%]
tests/test_intj_projector.py::TestAll80Scenarios::test_every_scenario_recommended_differs_from_conflict[ENFJ-Generator] PASSED [ 56%]
tests/test_intj_projector.py::TestAll80Scenarios::test_every_scenario_recommended_differs_from_conflict[ENFJ-Manifesting Generator] PASSED [ 56%]
tests/test_intj_projector.py::TestAll80Scenarios::test_every_scenario_recommended_differs_from_conflict[ENFJ-Manifestor] PASSED [ 56%]
tests/test_intj_projector.py::TestAll80Scenarios::test_every_scenario_recommended_differs_from_conflict[ENFJ-Projector] PASSED [ 57%]
tests/test_intj_projector.py::TestAll80Scenarios::test_every_scenario_recommended_differs_from_conflict[ENFJ-Reflector] PASSED [ 57%]
tests/test_intj_projector.py::TestAll80Scenarios::test_every_scenario_recommended_differs_from_conflict[ENFP-Generator] PASSED [ 57%]
tests/test_intj_projector.py::TestAll80Scenarios::test_every_scenario_recommended_differs_from_conflict[ENFP-Manifesting Generator] PASSED [ 58%]
tests/test_intj_projector.py::TestAll80Scenarios::test_every_scenario_recommended_differs_from_conflict[ENFP-Manifestor] PASSED [ 58%]
tests/test_intj_projector.py::TestAll80Scenarios::test_every_scenario_recommended_differs_from_conflict[ENFP-Projector] PASSED [ 58%]
tests/test_intj_projector.py::TestAll80Scenarios::test_every_scenario_recommended_differs_from_conflict[ENFP-Reflector] PASSED [ 58%]
tests/test_intj_projector.py::TestAll80Scenarios::test_every_scenario_recommended_differs_from_conflict[ENTJ-Generator] PASSED [ 59%]
tests/test_intj_projector.py::TestAll80Scenarios::test_every_scenario_recommended_differs_from_conflict[ENTJ-Manifesting Generator] PASSED [ 59%]
tests/test_intj_projector.py::TestAll80Scenarios::test_every_scenario_recommended_differs_from_conflict[ENTJ-Manifestor] PASSED [ 59%]
tests/test_intj_projector.py::TestAll80Scenarios::test_every_scenario_recommended_differs_from_conflict[ENTJ-Projector] PASSED [ 59%]
tests/test_intj_projector.py::TestAll80Scenarios::test_every_scenario_recommended_differs_from_conflict[ENTJ-Reflector] PASSED [ 60%]
tests/test_intj_projector.py::TestAll80Scenarios::test_every_scenario_recommended_differs_from_conflict[ENTP-Generator] PASSED [ 60%]
tests/test_intj_projector.py::TestAll80Scenarios::test_every_scenario_recommended_differs_from_conflict[ENTP-Manifesting Generator] PASSED [ 60%]
tests/test_intj_projector.py::TestAll80Scenarios::test_every_scenario_recommended_differs_from_conflict[ENTP-Manifestor] PASSED [ 61%]
tests/test_intj_projector.py::TestAll80Scenarios::test_every_scenario_recommended_differs_from_conflict[ENTP-Projector] PASSED [ 61%]
tests/test_intj_projector.py::TestAll80Scenarios::test_every_scenario_recommended_differs_from_conflict[ENTP-Reflector] PASSED [ 61%]
tests/test_intj_projector.py::TestAll80Scenarios::test_every_scenario_recommended_differs_from_conflict[ESFJ-Generator] PASSED [ 61%]
tests/test_intj_projector.py::TestAll80Scenarios::test_every_scenario_recommended_differs_from_conflict[ESFJ-Manifesting Generator] PASSED [ 62%]
tests/test_intj_projector.py::TestAll80Scenarios::test_every_scenario_recommended_differs_from_conflict[ESFJ-Manifestor] PASSED [ 62%]
tests/test_intj_projector.py::TestAll80Scenarios::test_every_scenario_recommended_differs_from_conflict[ESFJ-Projector] PASSED [ 62%]
tests/test_intj_projector.py::TestAll80Scenarios::test_every_scenario_recommended_differs_from_conflict[ESFJ-Reflector] PASSED [ 62%]
tests/test_intj_projector.py::TestAll80Scenarios::test_every_scenario_recommended_differs_from_conflict[ESFP-Generator] PASSED [ 63%]
tests/test_intj_projector.py::TestAll80Scenarios::test_every_scenario_recommended_differs_from_conflict[ESFP-Manifesting Generator] PASSED [ 63%]
tests/test_intj_projector.py::TestAll80Scenarios::test_every_scenario_recommended_differs_from_conflict[ESFP-Manifestor] PASSED [ 63%]
tests/test_intj_projector.py::TestAll80Scenarios::test_every_scenario_recommended_differs_from_conflict[ESFP-Projector] PASSED [ 64%]
tests/test_intj_projector.py::TestAll80Scenarios::test_every_scenario_recommended_differs_from_conflict[ESFP-Reflector] PASSED [ 64%]
tests/test_intj_projector.py::TestAll80Scenarios::test_every_scenario_recommended_differs_from_conflict[ESTJ-Generator] PASSED [ 64%]
tests/test_intj_projector.py::TestAll80Scenarios::test_every_scenario_recommended_differs_from_conflict[ESTJ-Manifesting Generator] PASSED [ 64%]
tests/test_intj_projector.py::TestAll80Scenarios::test_every_scenario_recommended_differs_from_conflict[ESTJ-Manifestor] PASSED [ 65%]
tests/test_intj_projector.py::TestAll80Scenarios::test_every_scenario_recommended_differs_from_conflict[ESTJ-Projector] PASSED [ 65%]
tests/test_intj_projector.py::TestAll80Scenarios::test_every_scenario_recommended_differs_from_conflict[ESTJ-Reflector] PASSED [ 65%]
tests/test_intj_projector.py::TestAll80Scenarios::test_every_scenario_recommended_differs_from_conflict[ESTP-Generator] PASSED [ 65%]
tests/test_intj_projector.py::TestAll80Scenarios::test_every_scenario_recommended_differs_from_conflict[ESTP-Manifesting Generator] PASSED [ 66%]
tests/test_intj_projector.py::TestAll80Scenarios::test_every_scenario_recommended_differs_from_conflict[ESTP-Manifestor] PASSED [ 66%]
tests/test_intj_projector.py::TestAll80Scenarios::test_every_scenario_recommended_differs_from_conflict[ESTP-Projector] PASSED [ 66%]
tests/test_intj_projector.py::TestAll80Scenarios::test_every_scenario_recommended_differs_from_conflict[ESTP-Reflector] PASSED [ 67%]
tests/test_intj_projector.py::TestAll80Scenarios::test_every_scenario_recommended_differs_from_conflict[INFJ-Generator] PASSED [ 67%]
tests/test_intj_projector.py::TestAll80Scenarios::test_every_scenario_recommended_differs_from_conflict[INFJ-Manifesting Generator] PASSED [ 67%]
tests/test_intj_projector.py::TestAll80Scenarios::test_every_scenario_recommended_differs_from_conflict[INFJ-Manifestor] PASSED [ 67%]
tests/test_intj_projector.py::TestAll80Scenarios::test_every_scenario_recommended_differs_from_conflict[INFJ-Projector] PASSED [ 68%]
tests/test_intj_projector.py::TestAll80Scenarios::test_every_scenario_recommended_differs_from_conflict[INFJ-Reflector] PASSED [ 68%]
tests/test_intj_projector.py::TestAll80Scenarios::test_every_scenario_recommended_differs_from_conflict[INFP-Generator] PASSED [ 68%]
tests/test_intj_projector.py::TestAll80Scenarios::test_every_scenario_recommended_differs_from_conflict[INFP-Manifesting Generator] PASSED [ 68%]
tests/test_intj_projector.py::TestAll80Scenarios::test_every_scenario_recommended_differs_from_conflict[INFP-Manifestor] PASSED [ 69%]
tests/test_intj_projector.py::TestAll80Scenarios::test_every_scenario_recommended_differs_from_conflict[INFP-Projector] PASSED [ 69%]
tests/test_intj_projector.py::TestAll80Scenarios::test_every_scenario_recommended_differs_from_conflict[INFP-Reflector] PASSED [ 69%]
tests/test_intj_projector.py::TestAll80Scenarios::test_every_scenario_recommended_differs_from_conflict[INTJ-Generator] PASSED [ 70%]
tests/test_intj_projector.py::TestAll80Scenarios::test_every_scenario_recommended_differs_from_conflict[INTJ-Manifesting Generator] PASSED [ 70%]
tests/test_intj_projector.py::TestAll80Scenarios::test_every_scenario_recommended_differs_from_conflict[INTJ-Manifestor] PASSED [ 70%]
tests/test_intj_projector.py::TestAll80Scenarios::test_every_scenario_recommended_differs_from_conflict[INTJ-Projector] PASSED [ 70%]
tests/test_intj_projector.py::TestAll80Scenarios::test_every_scenario_recommended_differs_from_conflict[INTJ-Reflector] PASSED [ 71%]
tests/test_intj_projector.py::TestAll80Scenarios::test_every_scenario_recommended_differs_from_conflict[INTP-Generator] PASSED [ 71%]
tests/test_intj_projector.py::TestAll80Scenarios::test_every_scenario_recommended_differs_from_conflict[INTP-Manifesting Generator] PASSED [ 71%]
tests/test_intj_projector.py::TestAll80Scenarios::test_every_scenario_recommended_differs_from_conflict[INTP-Manifestor] PASSED [ 71%]
tests/test_intj_projector.py::TestAll80Scenarios::test_every_scenario_recommended_differs_from_conflict[INTP-Projector] PASSED [ 72%]
tests/test_intj_projector.py::TestAll80Scenarios::test_every_scenario_recommended_differs_from_conflict[INTP-Reflector] PASSED [ 72%]
tests/test_intj_projector.py::TestAll80Scenarios::test_every_scenario_recommended_differs_from_conflict[ISFJ-Generator] PASSED [ 72%]
tests/test_intj_projector.py::TestAll80Scenarios::test_every_scenario_recommended_differs_from_conflict[ISFJ-Manifesting Generator] PASSED [ 73%]
tests/test_intj_projector.py::TestAll80Scenarios::test_every_scenario_recommended_differs_from_conflict[ISFJ-Manifestor] PASSED [ 73%]
tests/test_intj_projector.py::TestAll80Scenarios::test_every_scenario_recommended_differs_from_conflict[ISFJ-Projector] PASSED [ 73%]
tests/test_intj_projector.py::TestAll80Scenarios::test_every_scenario_recommended_differs_from_conflict[ISFJ-Reflector] PASSED [ 73%]
tests/test_intj_projector.py::TestAll80Scenarios::test_every_scenario_recommended_differs_from_conflict[ISFP-Generator] PASSED [ 74%]
tests/test_intj_projector.py::TestAll80Scenarios::test_every_scenario_recommended_differs_from_conflict[ISFP-Manifesting Generator] PASSED [ 74%]
tests/test_intj_projector.py::TestAll80Scenarios::test_every_scenario_recommended_differs_from_conflict[ISFP-Manifestor] PASSED [ 74%]
tests/test_intj_projector.py::TestAll80Scenarios::test_every_scenario_recommended_differs_from_conflict[ISFP-Projector] PASSED [ 74%]
tests/test_intj_projector.py::TestAll80Scenarios::test_every_scenario_recommended_differs_from_conflict[ISFP-Reflector] PASSED [ 75%]
tests/test_intj_projector.py::TestAll80Scenarios::test_every_scenario_recommended_differs_from_conflict[ISTJ-Generator] PASSED [ 75%]
tests/test_intj_projector.py::TestAll80Scenarios::test_every_scenario_recommended_differs_from_conflict[ISTJ-Manifesting Generator] PASSED [ 75%]
tests/test_intj_projector.py::TestAll80Scenarios::test_every_scenario_recommended_differs_from_conflict[ISTJ-Manifestor] PASSED [ 76%]
tests/test_intj_projector.py::TestAll80Scenarios::test_every_scenario_recommended_differs_from_conflict[ISTJ-Projector] PASSED [ 76%]
tests/test_intj_projector.py::TestAll80Scenarios::test_every_scenario_recommended_differs_from_conflict[ISTJ-Reflector] PASSED [ 76%]
tests/test_intj_projector.py::TestAll80Scenarios::test_every_scenario_recommended_differs_from_conflict[ISTP-Generator] PASSED [ 76%]
tests/test_intj_projector.py::TestAll80Scenarios::test_every_scenario_recommended_differs_from_conflict[ISTP-Manifesting Generator] PASSED [ 77%]
tests/test_intj_projector.py::TestAll80Scenarios::test_every_scenario_recommended_differs_from_conflict[ISTP-Manifestor] PASSED [ 77%]
tests/test_intj_projector.py::TestAll80Scenarios::test_every_scenario_recommended_differs_from_conflict[ISTP-Projector] PASSED [ 77%]
tests/test_intj_projector.py::TestAll80Scenarios::test_every_scenario_recommended_differs_from_conflict[ISTP-Reflector] PASSED [ 77%]
tests/test_intj_projector.py::TestAll80Scenarios::test_every_scenario_recommended_is_nonempty[ENFJ-Generator] PASSED [ 78%]
tests/test_intj_projector.py::TestAll80Scenarios::test_every_scenario_recommended_is_nonempty[ENFJ-Manifesting Generator] PASSED [ 78%]
tests/test_intj_projector.py::TestAll80Scenarios::test_every_scenario_recommended_is_nonempty[ENFJ-Manifestor] PASSED [ 78%]
tests/test_intj_projector.py::TestAll80Scenarios::test_every_scenario_recommended_is_nonempty[ENFJ-Projector] PASSED [ 79%]
tests/test_intj_projector.py::TestAll80Scenarios::test_every_scenario_recommended_is_nonempty[ENFJ-Reflector] PASSED [ 79%]
tests/test_intj_projector.py::TestAll80Scenarios::test_every_scenario_recommended_is_nonempty[ENFP-Generator] PASSED [ 79%]
tests/test_intj_projector.py::TestAll80Scenarios::test_every_scenario_recommended_is_nonempty[ENFP-Manifesting Generator] PASSED [ 79%]
tests/test_intj_projector.py::TestAll80Scenarios::test_every_scenario_recommended_is_nonempty[ENFP-Manifestor] PASSED [ 80%]
tests/test_intj_projector.py::TestAll80Scenarios::test_every_scenario_recommended_is_nonempty[ENFP-Projector] PASSED [ 80%]
tests/test_intj_projector.py::TestAll80Scenarios::test_every_scenario_recommended_is_nonempty[ENFP-Reflector] PASSED [ 80%]
tests/test_intj_projector.py::TestAll80Scenarios::test_every_scenario_recommended_is_nonempty[ENTJ-Generator] PASSED [ 80%]
tests/test_intj_projector.py::TestAll80Scenarios::test_every_scenario_recommended_is_nonempty[ENTJ-Manifesting Generator] PASSED [ 81%]
tests/test_intj_projector.py::TestAll80Scenarios::test_every_scenario_recommended_is_nonempty[ENTJ-Manifestor] PASSED [ 81%]
tests/test_intj_projector.py::TestAll80Scenarios::test_every_scenario_recommended_is_nonempty[ENTJ-Projector] PASSED [ 81%]
tests/test_intj_projector.py::TestAll80Scenarios::test_every_scenario_recommended_is_nonempty[ENTJ-Reflector] PASSED [ 82%]
tests/test_intj_projector.py::TestAll80Scenarios::test_every_scenario_recommended_is_nonempty[ENTP-Generator] PASSED [ 82%]
tests/test_intj_projector.py::TestAll80Scenarios::test_every_scenario_recommended_is_nonempty[ENTP-Manifesting Generator] PASSED [ 82%]
tests/test_intj_projector.py::TestAll80Scenarios::test_every_scenario_recommended_is_nonempty[ENTP-Manifestor] PASSED [ 82%]
tests/test_intj_projector.py::TestAll80Scenarios::test_every_scenario_recommended_is_nonempty[ENTP-Projector] PASSED [ 83%]
tests/test_intj_projector.py::TestAll80Scenarios::test_every_scenario_recommended_is_nonempty[ENTP-Reflector] PASSED [ 83%]
tests/test_intj_projector.py::TestAll80Scenarios::test_every_scenario_recommended_is_nonempty[ESFJ-Generator] PASSED [ 83%]
tests/test_intj_projector.py::TestAll80Scenarios::test_every_scenario_recommended_is_nonempty[ESFJ-Manifesting Generator] PASSED [ 83%]
tests/test_intj_projector.py::TestAll80Scenarios::test_every_scenario_recommended_is_nonempty[ESFJ-Manifestor] PASSED [ 84%]
tests/test_intj_projector.py::TestAll80Scenarios::test_every_scenario_recommended_is_nonempty[ESFJ-Projector] PASSED [ 84%]
tests/test_intj_projector.py::TestAll80Scenarios::test_every_scenario_recommended_is_nonempty[ESFJ-Reflector] PASSED [ 84%]
tests/test_intj_projector.py::TestAll80Scenarios::test_every_scenario_recommended_is_nonempty[ESFP-Generator] PASSED [ 85%]
tests/test_intj_projector.py::TestAll80Scenarios::test_every_scenario_recommended_is_nonempty[ESFP-Manifesting Generator] PASSED [ 85%]
tests/test_intj_projector.py::TestAll80Scenarios::test_every_scenario_recommended_is_nonempty[ESFP-Manifestor] PASSED [ 85%]
tests/test_intj_projector.py::TestAll80Scenarios::test_every_scenario_recommended_is_nonempty[ESFP-Projector] PASSED [ 85%]
tests/test_intj_projector.py::TestAll80Scenarios::test_every_scenario_recommended_is_nonempty[ESFP-Reflector] PASSED [ 86%]
tests/test_intj_projector.py::TestAll80Scenarios::test_every_scenario_recommended_is_nonempty[ESTJ-Generator] PASSED [ 86%]
tests/test_intj_projector.py::TestAll80Scenarios::test_every_scenario_recommended_is_nonempty[ESTJ-Manifesting Generator] PASSED [ 86%]
tests/test_intj_projector.py::TestAll80Scenarios::test_every_scenario_recommended_is_nonempty[ESTJ-Manifestor] PASSED [ 86%]
tests/test_intj_projector.py::TestAll80Scenarios::test_every_scenario_recommended_is_nonempty[ESTJ-Projector] PASSED [ 87%]
tests/test_intj_projector.py::TestAll80Scenarios::test_every_scenario_recommended_is_nonempty[ESTJ-Reflector] PASSED [ 87%]
tests/test_intj_projector.py::TestAll80Scenarios::test_every_scenario_recommended_is_nonempty[ESTP-Generator] PASSED [ 87%]
tests/test_intj_projector.py::TestAll80Scenarios::test_every_scenario_recommended_is_nonempty[ESTP-Manifesting Generator] PASSED [ 88%]
tests/test_intj_projector.py::TestAll80Scenarios::test_every_scenario_recommended_is_nonempty[ESTP-Manifestor] PASSED [ 88%]
tests/test_intj_projector.py::TestAll80Scenarios::test_every_scenario_recommended_is_nonempty[ESTP-Projector] PASSED [ 88%]
tests/test_intj_projector.py::TestAll80Scenarios::test_every_scenario_recommended_is_nonempty[ESTP-Reflector] PASSED [ 88%]
tests/test_intj_projector.py::TestAll80Scenarios::test_every_scenario_recommended_is_nonempty[INFJ-Generator] PASSED [ 89%]
tests/test_intj_projector.py::TestAll80Scenarios::test_every_scenario_recommended_is_nonempty[INFJ-Manifesting Generator] PASSED [ 89%]
tests/test_intj_projector.py::TestAll80Scenarios::test_every_scenario_recommended_is_nonempty[INFJ-Manifestor] PASSED [ 89%]
tests/test_intj_projector.py::TestAll80Scenarios::test_every_scenario_recommended_is_nonempty[INFJ-Projector] PASSED [ 89%]
tests/test_intj_projector.py::TestAll80Scenarios::test_every_scenario_recommended_is_nonempty[INFJ-Reflector] PASSED [ 90%]
tests/test_intj_projector.py::TestAll80Scenarios::test_every_scenario_recommended_is_nonempty[INFP-Generator] PASSED [ 90%]
tests/test_intj_projector.py::TestAll80Scenarios::test_every_scenario_recommended_is_nonempty[INFP-Manifesting Generator] PASSED [ 90%]
tests/test_intj_projector.py::TestAll80Scenarios::test_every_scenario_recommended_is_nonempty[INFP-Manifestor] PASSED [ 91%]
tests/test_intj_projector.py::TestAll80Scenarios::test_every_scenario_recommended_is_nonempty[INFP-Projector] PASSED [ 91%]
tests/test_intj_projector.py::TestAll80Scenarios::test_every_scenario_recommended_is_nonempty[INFP-Reflector] PASSED [ 91%]
tests/test_intj_projector.py::TestAll80Scenarios::test_every_scenario_recommended_is_nonempty[INTJ-Generator] PASSED [ 91%]
tests/test_intj_projector.py::TestAll80Scenarios::test_every_scenario_recommended_is_nonempty[INTJ-Manifesting Generator] PASSED [ 92%]
tests/test_intj_projector.py::TestAll80Scenarios::test_every_scenario_recommended_is_nonempty[INTJ-Manifestor] PASSED [ 92%]
tests/test_intj_projector.py::TestAll80Scenarios::test_every_scenario_recommended_is_nonempty[INTJ-Projector] PASSED [ 92%]
tests/test_intj_projector.py::TestAll80Scenarios::test_every_scenario_recommended_is_nonempty[INTJ-Reflector] PASSED [ 92%]
tests/test_intj_projector.py::TestAll80Scenarios::test_every_scenario_recommended_is_nonempty[INTP-Generator] PASSED [ 93%]
tests/test_intj_projector.py::TestAll80Scenarios::test_every_scenario_recommended_is_nonempty[INTP-Manifesting Generator] PASSED [ 93%]
tests/test_intj_projector.py::TestAll80Scenarios::test_every_scenario_recommended_is_nonempty[INTP-Manifestor] PASSED [ 93%]
tests/test_intj_projector.py::TestAll80Scenarios::test_every_scenario_recommended_is_nonempty[INTP-Projector] PASSED [ 94%]
tests/test_intj_projector.py::TestAll80Scenarios::test_every_scenario_recommended_is_nonempty[INTP-Reflector] PASSED [ 94%]
tests/test_intj_projector.py::TestAll80Scenarios::test_every_scenario_recommended_is_nonempty[ISFJ-Generator] PASSED [ 94%]
tests/test_intj_projector.py::TestAll80Scenarios::test_every_scenario_recommended_is_nonempty[ISFJ-Manifesting Generator] PASSED [ 94%]
tests/test_intj_projector.py::TestAll80Scenarios::test_every_scenario_recommended_is_nonempty[ISFJ-Manifestor] PASSED [ 95%]
tests/test_intj_projector.py::TestAll80Scenarios::test_every_scenario_recommended_is_nonempty[ISFJ-Projector] PASSED [ 95%]
tests/test_intj_projector.py::TestAll80Scenarios::test_every_scenario_recommended_is_nonempty[ISFJ-Reflector] PASSED [ 95%]
tests/test_intj_projector.py::TestAll80Scenarios::test_every_scenario_recommended_is_nonempty[ISFP-Generator] PASSED [ 95%]
tests/test_intj_projector.py::TestAll80Scenarios::test_every_scenario_recommended_is_nonempty[ISFP-Manifesting Generator] PASSED [ 96%]
tests/test_intj_projector.py::TestAll80Scenarios::test_every_scenario_recommended_is_nonempty[ISFP-Manifestor] PASSED [ 96%]
tests/test_intj_projector.py::TestAll80Scenarios::test_every_scenario_recommended_is_nonempty[ISFP-Projector] PASSED [ 96%]
tests/test_intj_projector.py::TestAll80Scenarios::test_every_scenario_recommended_is_nonempty[ISFP-Reflector] PASSED [ 97%]
tests/test_intj_projector.py::TestAll80Scenarios::test_every_scenario_recommended_is_nonempty[ISTJ-Generator] PASSED [ 97%]
tests/test_intj_projector.py::TestAll80Scenarios::test_every_scenario_recommended_is_nonempty[ISTJ-Manifesting Generator] PASSED [ 97%]
tests/test_intj_projector.py::TestAll80Scenarios::test_every_scenario_recommended_is_nonempty[ISTJ-Manifestor] PASSED [ 97%]
tests/test_intj_projector.py::TestAll80Scenarios::test_every_scenario_recommended_is_nonempty[ISTJ-Projector] PASSED [ 98%]
tests/test_intj_projector.py::TestAll80Scenarios::test_every_scenario_recommended_is_nonempty[ISTJ-Reflector] PASSED [ 98%]
tests/test_intj_projector.py::TestAll80Scenarios::test_every_scenario_recommended_is_nonempty[ISTP-Generator] PASSED [ 98%]
tests/test_intj_projector.py::TestAll80Scenarios::test_every_scenario_recommended_is_nonempty[ISTP-Manifesting Generator] PASSED [ 98%]
tests/test_intj_projector.py::TestAll80Scenarios::test_every_scenario_recommended_is_nonempty[ISTP-Manifestor] PASSED [ 99%]
tests/test_intj_projector.py::TestAll80Scenarios::test_every_scenario_recommended_is_nonempty[ISTP-Projector] PASSED [ 99%]
tests/test_intj_projector.py::TestAll80Scenarios::test_every_scenario_recommended_is_nonempty[ISTP-Reflector] PASSED [ 99%]
tests/test_intj_projector.py::TestAll80Scenarios::test_total_scenario_count_is_80 PASSED [100%]

============================= 367 passed in 2.74s =============================
